<?xml version="1.0" encoding="UTF-8"?>
<!-- Generated by org.testng.reporters.JUnitXMLReporter -->
<testsuite ignored="0" hostname="Paramesh" failures="0" tests="3" name="Test" time="62.985" errors="0" timestamp="2023-12-29T16:56:38 IST">
  <testcase classname="testscripts.AddAddressTest" name="addAddressTest" time="18.766"/>
  <testcase classname="testscripts.RegisterShopperTest" name="createAccountTest" time="21.561"/>
  <testcase classname="testscripts.AddToCartTest" name="addToCartTest" time="12.972"/>
</testsuite> <!-- Test -->
