<?xml version="1.0" encoding="UTF-8"?>
<testng-results ignored="0" total="3" passed="3" failed="0" skipped="0">
  <reporter-output>
  </reporter-output>
  <suite started-at="2023-12-29T16:55:35 IST" name="Suite" finished-at="2023-12-29T16:56:38 IST" duration-ms="62985">
    <groups>
    </groups>
    <test started-at="2023-12-29T16:55:35 IST" name="Test" finished-at="2023-12-29T16:56:38 IST" duration-ms="62985">
      <class name="testscripts.RegisterShopperTest">
        <test-method is-config="true" signature="classConfiguration()[pri:0, instance:testscripts.RegisterShopperTest@6c1a5b54]" started-at="2023-12-29T16:55:58 IST" name="classConfiguration" finished-at="2023-12-29T16:55:58 IST" duration-ms="80" status="PASS">
          <reporter-output>
          </reporter-output>
        </test-method> <!-- classConfiguration -->
        <test-method is-config="true" signature="methodConfiguration()[pri:0, instance:testscripts.RegisterShopperTest@6c1a5b54]" started-at="2023-12-29T16:55:58 IST" name="methodConfiguration" finished-at="2023-12-29T16:56:00 IST" duration-ms="2253" status="PASS">
          <reporter-output>
          </reporter-output>
        </test-method> <!-- methodConfiguration -->
        <test-method signature="createAccountTest()[pri:0, instance:testscripts.RegisterShopperTest@6c1a5b54]" started-at="2023-12-29T16:56:00 IST" name="createAccountTest" finished-at="2023-12-29T16:56:22 IST" duration-ms="21561" status="PASS">
          <reporter-output>
          </reporter-output>
        </test-method> <!-- createAccountTest -->
        <test-method is-config="true" signature="methodTeardown()[pri:0, instance:testscripts.RegisterShopperTest@6c1a5b54]" started-at="2023-12-29T16:56:22 IST" name="methodTeardown" finished-at="2023-12-29T16:56:22 IST" duration-ms="427" status="PASS">
          <reporter-output>
          </reporter-output>
        </test-method> <!-- methodTeardown -->
        <test-method is-config="true" signature="classTeardown()[pri:0, instance:testscripts.RegisterShopperTest@6c1a5b54]" started-at="2023-12-29T16:56:22 IST" name="classTeardown" finished-at="2023-12-29T16:56:22 IST" duration-ms="0" status="PASS">
          <reporter-output>
          </reporter-output>
        </test-method> <!-- classTeardown -->
      </class> <!-- testscripts.RegisterShopperTest -->
      <class name="testscripts.AddAddressTest">
        <test-method is-config="true" signature="classConfiguration()[pri:0, instance:testscripts.AddAddressTest@f09733f]" started-at="2023-12-29T16:55:35 IST" name="classConfiguration" finished-at="2023-12-29T16:55:36 IST" duration-ms="585" status="PASS">
          <reporter-output>
          </reporter-output>
        </test-method> <!-- classConfiguration -->
        <test-method is-config="true" signature="methodConfiguration()[pri:0, instance:testscripts.AddAddressTest@f09733f]" started-at="2023-12-29T16:55:36 IST" name="methodConfiguration" finished-at="2023-12-29T16:55:39 IST" duration-ms="2941" status="PASS">
          <reporter-output>
          </reporter-output>
        </test-method> <!-- methodConfiguration -->
        <test-method signature="addAddressTest()[pri:0, instance:testscripts.AddAddressTest@f09733f]" started-at="2023-12-29T16:55:39 IST" name="addAddressTest" finished-at="2023-12-29T16:55:57 IST" duration-ms="18766" status="PASS">
          <reporter-output>
          </reporter-output>
        </test-method> <!-- addAddressTest -->
        <test-method is-config="true" signature="methodTeardown()[pri:0, instance:testscripts.AddAddressTest@f09733f]" started-at="2023-12-29T16:55:58 IST" name="methodTeardown" finished-at="2023-12-29T16:55:58 IST" duration-ms="499" status="PASS">
          <reporter-output>
          </reporter-output>
        </test-method> <!-- methodTeardown -->
        <test-method is-config="true" signature="classTeardown()[pri:0, instance:testscripts.AddAddressTest@f09733f]" started-at="2023-12-29T16:55:58 IST" name="classTeardown" finished-at="2023-12-29T16:55:58 IST" duration-ms="0" status="PASS">
          <reporter-output>
          </reporter-output>
        </test-method> <!-- classTeardown -->
      </class> <!-- testscripts.AddAddressTest -->
      <class name="testscripts.AddToCartTest">
        <test-method is-config="true" signature="classConfiguration()[pri:0, instance:testscripts.AddToCartTest@1c7696c6]" started-at="2023-12-29T16:56:22 IST" name="classConfiguration" finished-at="2023-12-29T16:56:22 IST" duration-ms="63" status="PASS">
          <reporter-output>
          </reporter-output>
        </test-method> <!-- classConfiguration -->
        <test-method is-config="true" signature="methodConfiguration()[pri:0, instance:testscripts.AddToCartTest@1c7696c6]" started-at="2023-12-29T16:56:22 IST" name="methodConfiguration" finished-at="2023-12-29T16:56:25 IST" duration-ms="2219" status="PASS">
          <reporter-output>
          </reporter-output>
        </test-method> <!-- methodConfiguration -->
        <test-method signature="addToCartTest()[pri:0, instance:testscripts.AddToCartTest@1c7696c6]" started-at="2023-12-29T16:56:25 IST" name="addToCartTest" finished-at="2023-12-29T16:56:38 IST" duration-ms="12972" status="PASS">
          <reporter-output>
          </reporter-output>
        </test-method> <!-- addToCartTest -->
        <test-method is-config="true" signature="methodTeardown()[pri:0, instance:testscripts.AddToCartTest@1c7696c6]" started-at="2023-12-29T16:56:38 IST" name="methodTeardown" finished-at="2023-12-29T16:56:38 IST" duration-ms="562" status="PASS">
          <reporter-output>
          </reporter-output>
        </test-method> <!-- methodTeardown -->
        <test-method is-config="true" signature="classTeardown()[pri:0, instance:testscripts.AddToCartTest@1c7696c6]" started-at="2023-12-29T16:56:38 IST" name="classTeardown" finished-at="2023-12-29T16:56:38 IST" duration-ms="0" status="PASS">
          <reporter-output>
          </reporter-output>
        </test-method> <!-- classTeardown -->
      </class> <!-- testscripts.AddToCartTest -->
    </test> <!-- Test -->
  </suite> <!-- Suite -->
</testng-results>
